# JRE version: OpenJDK Runtime Environment (8.0_402-b06) (build 1.8.0_402-b06)
# Java VM: OpenJDK 64-Bit Server VM (25.402-b06 mixed mode bsd-amd64 compressed oops)
Heap:
 PSYoungGen      total 133632K, used 9202K [0x0000000795580000, 0x00000007a2980000, 0x00000007c0000000)
  eden space 128512K, 5% used [0x0000000795580000,0x0000000795ce8b60,0x000000079d300000)
  from space 5120K, 31% used [0x000000079d300000,0x000000079d494020,0x000000079d800000)
  to   space 15872K, 0% used [0x00000007a1a00000,0x00000007a1a00000,0x00000007a2980000)
 ParOldGen       total 62464K, used 11948K [0x0000000740000000, 0x0000000743d00000, 0x0000000795580000)
  object space 62464K, 19% used [0x0000000740000000,0x0000000740bab3a8,0x0000000743d00000)
 Metaspace       used 21450K, capacity 22472K, committed 22704K, reserved 1069056K
  class space    used 2478K, capacity 2748K, committed 2816K, reserved 1048576K
GC Heap History (10 events):
Event: 1.491 GC heap before
{Heap before GC invocations=2 (full 0):
 PSYoungGen      total 38400K, used 38375K [0x0000000795580000, 0x000000079a080000, 0x00000007c0000000)
  eden space 33280K, 100% used [0x0000000795580000,0x0000000797600000,0x0000000797600000)
  from space 5120K, 99% used [0x0000000797600000,0x0000000797af9f88,0x0000000797b00000)
  to   space 5120K, 0% used [0x0000000799b80000,0x0000000799b80000,0x000000079a080000)
 ParOldGen       total 87552K, used 1525K [0x0000000740000000, 0x0000000745580000, 0x0000000795580000)
  object space 87552K, 1% used [0x0000000740000000,0x000000074017d788,0x0000000745580000)
 Metaspace       used 18771K, capacity 19634K, committed 19712K, reserved 1067008K
  class space    used 2318K, capacity 2511K, committed 2560K, reserved 1048576K
Event: 1.514 GC heap after
Heap after GC invocations=2 (full 0):
 PSYoungGen      total 71680K, used 5114K [0x0000000795580000, 0x000000079a080000, 0x00000007c0000000)
  eden space 66560K, 0% used [0x0000000795580000,0x0000000795580000,0x0000000799680000)
  from space 5120K, 99% used [0x0000000799b80000,0x000000079a07e968,0x000000079a080000)
  to   space 5120K, 0% used [0x0000000799680000,0x0000000799680000,0x0000000799b80000)
 ParOldGen       total 87552K, used 8016K [0x0000000740000000, 0x0000000745580000, 0x0000000795580000)
  object space 87552K, 9% used [0x0000000740000000,0x00000007407d4128,0x0000000745580000)
 Metaspace       used 18771K, capacity 19634K, committed 19712K, reserved 1067008K
  class space    used 2318K, capacity 2511K, committed 2560K, reserved 1048576K
}
Event: 2.227 GC heap before
{Heap before GC invocations=3 (full 0):
 PSYoungGen      total 71680K, used 54302K [0x0000000795580000, 0x000000079a080000, 0x00000007c0000000)
  eden space 66560K, 73% used [0x0000000795580000,0x0000000798588f18,0x0000000799680000)
  from space 5120K, 99% used [0x0000000799b80000,0x000000079a07e968,0x000000079a080000)
  to   space 5120K, 0% used [0x0000000799680000,0x0000000799680000,0x0000000799b80000)
 ParOldGen       total 87552K, used 8016K [0x0000000740000000, 0x0000000745580000, 0x0000000795580000)
  object space 87552K, 9% used [0x0000000740000000,0x00000007407d4128,0x0000000745580000)
 Metaspace       used 20329K, capacity 21250K, committed 21296K, reserved 1069056K
  class space    used 2449K, capacity 2663K, committed 2688K, reserved 1048576K
Event: 2.256 GC heap after
Heap after GC invocations=3 (full 0):
 PSYoungGen      total 71680K, used 5098K [0x0000000795580000, 0x000000079e180000, 0x00000007c0000000)
  eden space 66560K, 0% used [0x0000000795580000,0x0000000795580000,0x0000000799680000)
  from space 5120K, 99% used [0x0000000799680000,0x0000000799b7ab00,0x0000000799b80000)
  to   space 5120K, 0% used [0x000000079dc80000,0x000000079dc80000,0x000000079e180000)
 ParOldGen       total 87552K, used 13992K [0x0000000740000000, 0x0000000745580000, 0x0000000795580000)
  object space 87552K, 15% used [0x0000000740000000,0x0000000740daa3b0,0x0000000745580000)
 Metaspace       used 20329K, capacity 21250K, committed 21296K, reserved 1069056K
  class space    used 2449K, capacity 2663K, committed 2688K, reserved 1048576K
}
Event: 2.256 GC heap before
{Heap before GC invocations=4 (full 1):
 PSYoungGen      total 71680K, used 5098K [0x0000000795580000, 0x000000079e180000, 0x00000007c0000000)
  eden space 66560K, 0% used [0x0000000795580000,0x0000000795580000,0x0000000799680000)
  from space 5120K, 99% used [0x0000000799680000,0x0000000799b7ab00,0x0000000799b80000)
  to   space 5120K, 0% used [0x000000079dc80000,0x000000079dc80000,0x000000079e180000)
 ParOldGen       total 87552K, used 13992K [0x0000000740000000, 0x0000000745580000, 0x0000000795580000)
  object space 87552K, 15% used [0x0000000740000000,0x0000000740daa3b0,0x0000000745580000)
 Metaspace       used 20329K, capacity 21250K, committed 21296K, reserved 1069056K
  class space    used 2449K, capacity 2663K, committed 2688K, reserved 1048576K
Event: 2.282 GC heap after
Heap after GC invocations=4 (full 1):
 PSYoungGen      total 71680K, used 0K [0x0000000795580000, 0x000000079e180000, 0x00000007c0000000)
  eden space 66560K, 0% used [0x0000000795580000,0x0000000795580000,0x0000000799680000)
  from space 5120K, 0% used [0x0000000799680000,0x0000000799680000,0x0000000799b80000)
  to   space 5120K, 0% used [0x000000079dc80000,0x000000079dc80000,0x000000079e180000)
 ParOldGen       total 62464K, used 11948K [0x0000000740000000, 0x0000000743d00000, 0x0000000795580000)
  object space 62464K, 19% used [0x0000000740000000,0x0000000740bab3a8,0x0000000743d00000)
 Metaspace       used 20329K, capacity 21250K, committed 21296K, reserved 1069056K
  class space    used 2449K, capacity 2663K, committed 2688K, reserved 1048576K
}
Event: 2.896 GC heap before
{Heap before GC invocations=5 (full 1):
 PSYoungGen      total 71680K, used 66560K [0x0000000795580000, 0x000000079e180000, 0x00000007c0000000)
  eden space 66560K, 100% used [0x0000000795580000,0x0000000799680000,0x0000000799680000)
  from space 5120K, 0% used [0x0000000799680000,0x0000000799680000,0x0000000799b80000)
  to   space 5120K, 0% used [0x000000079dc80000,0x000000079dc80000,0x000000079e180000)
 ParOldGen       total 62464K, used 11948K [0x0000000740000000, 0x0000000743d00000, 0x0000000795580000)
  object space 62464K, 19% used [0x0000000740000000,0x0000000740bab3a8,0x0000000743d00000)
 Metaspace       used 20952K, capacity 21880K, committed 22192K, reserved 1069056K
  class space    used 2471K, capacity 2738K, committed 2816K, reserved 1048576K
Event: 2.899 GC heap after
Heap after GC invocations=5 (full 1):
 PSYoungGen      total 113152K, used 320K [0x0000000795580000, 0x000000079dd00000, 0x00000007c0000000)
  eden space 112640K, 0% used [0x0000000795580000,0x0000000795580000,0x000000079c380000)
  from space 512K, 62% used [0x000000079dc80000,0x000000079dcd0000,0x000000079dd00000)
  to   space 5120K, 0% used [0x000000079d300000,0x000000079d300000,0x000000079d800000)
 ParOldGen       total 62464K, used 11948K [0x0000000740000000, 0x0000000743d00000, 0x0000000795580000)
  object space 62464K, 19% used [0x0000000740000000,0x0000000740bab3a8,0x0000000743d00000)
 Metaspace       used 20952K, capacity 21880K, committed 22192K, reserved 1069056K
  class space    used 2471K, capacity 2738K, committed 2816K, reserved 1048576K
}
Event: 3.613 GC heap before
{Heap before GC invocations=6 (full 1):
 PSYoungGen      total 113152K, used 112960K [0x0000000795580000, 0x000000079dd00000, 0x00000007c0000000)
  eden space 112640K, 100% used [0x0000000795580000,0x000000079c380000,0x000000079c380000)
  from space 512K, 62% used [0x000000079dc80000,0x000000079dcd0000,0x000000079dd00000)
  to   space 5120K, 0% used [0x000000079d300000,0x000000079d300000,0x000000079d800000)
 ParOldGen       total 62464K, used 11948K [0x0000000740000000, 0x0000000743d00000, 0x0000000795580000)
  object space 62464K, 19% used [0x0000000740000000,0x0000000740bab3a8,0x0000000743d00000)
 Metaspace       used 21442K, capacity 22472K, committed 22704K, reserved 1069056K
  class space    used 2478K, capacity 2748K, committed 2816K, reserved 1048576K
Event: 3.617 GC heap after
Heap after GC invocations=6 (full 1):
 PSYoungGen      total 133632K, used 1616K [0x0000000795580000, 0x00000007a2980000, 0x00000007c0000000)
  eden space 128512K, 0% used [0x0000000795580000,0x0000000795580000,0x000000079d300000)
  from space 5120K, 31% used [0x000000079d300000,0x000000079d494020,0x000000079d800000)
  to   space 15872K, 0% used [0x00000007a1a00000,0x00000007a1a00000,0x00000007a2980000)
 ParOldGen       total 62464K, used 11948K [0x0000000740000000, 0x0000000743d00000, 0x0000000795580000)
  object space 62464K, 19% used [0x0000000740000000,0x0000000740bab3a8,0x0000000743d00000)
 Metaspace       used 21442K, capacity 22472K, committed 22704K, reserved 1069056K
  class space    used 2478K, capacity 2748K, committed 2816K, reserved 1048576K
}

